TN:
SF:/Users/smeya/git/bat/build/util.rs
FN:11,render_template
FNF:1
FNDA:0,render_template
DA:11,0
DA:13,0
DA:15,0
DA:16,0
DA:19,0
DA:20,0
LF:6
LH:0
end_of_record
TN:
SF:/Users/smeya/git/bat/src/assets/assets_metadata.rs
FN:20,AssetsMetadata::new
FN:28,AssetsMetadata::save_to_folder
FN:35,AssetsMetadata::try_load_from_folder
FN:52,AssetsMetadata::load_from_folder
FN:67,AssetsMetadata::is_compatible_with
FNF:5
FNDA:1,AssetsMetadata::new
FNDA:1,AssetsMetadata::save_to_folder
FNDA:214,AssetsMetadata::try_load_from_folder
FNDA:214,AssetsMetadata::load_from_folder
FNDA:0,AssetsMetadata::is_compatible_with
DA:20,1
DA:22,1
DA:23,1
DA:28,1
DA:29,2
DA:30,0
DA:32,1
DA:35,214
DA:36,428
DA:37,0
DA:52,214
DA:53,214
DA:54,0
DA:55,214
DA:56,214
DA:57,0
DA:58,428
DA:59,0
DA:61,214
DA:67,0
DA:68,0
DA:69,0
DA:70,0
DA:71,0
DA:73,0
DA:75,0
DA:76,0
DA:77,0
DA:79,0
LF:29
LH:14
end_of_record
TN:
SF:/Users/smeya/git/bat/src/assets/build_assets/acknowledgements.rs
FN:18,build_acknowledgements
FN:47,to_path_and_stem
FN:60,handle_file
FN:70,handle_notice
FN:75,handle_license
FN:87,include_license_in_acknowledgments
FN:103,license_not_needed_in_acknowledgements
FN:118,license_contains_marker
FN:123,append_to_acknowledgements
FN:147,normalize_license_text
FNF:10
FNDA:1,build_acknowledgements
FNDA:5,to_path_and_stem
FNDA:4,handle_file
FNDA:0,handle_notice
FNDA:0,handle_license
FNDA:0,include_license_in_acknowledgments
FNDA:0,license_not_needed_in_acknowledgements
FNDA:0,license_contains_marker
FNDA:2,append_to_acknowledgements
FNDA:2,normalize_license_text
DA:18,1
DA:22,1
DA:23,0
DA:26,1
DA:29,3
DA:30,5
DA:31,1
DA:32,1
DA:33,7
DA:35,4
DA:37,0
DA:38,0
DA:39,0
DA:44,1
DA:47,5
DA:48,5
DA:50,5
DA:51,5
DA:52,15
DA:53,4
DA:54,4
DA:55,8
DA:56,0
DA:60,4
DA:61,4
DA:62,0
DA:63,4
DA:64,0
DA:66,4
DA:70,0
DA:72,0
DA:75,0
DA:76,0
DA:78,0
DA:79,0
DA:80,0
DA:81,0
DA:83,0
DA:87,0
DA:88,0
DA:100,0
DA:103,0
DA:104,0
DA:115,0
DA:118,0
DA:119,0
DA:120,0
DA:123,2
DA:128,2
DA:131,2
DA:132,2
DA:133,2
DA:134,2
DA:135,2
DA:137,1
DA:142,2
DA:147,2
DA:150,2
DA:151,2
DA:153,2
DA:154,2
LF:61
LH:36
end_of_record
TN:
SF:/Users/smeya/git/bat/src/assets/build_assets.rs
FN:12,build
FN:38,build_theme_set
FN:65,build_syntax_set_builder
FN:91,print_unlinked_contexts
FN:101,write_assets
FN:141,asset_to_contents
FN:159,asset_to_cache
FNF:7
FNDA:1,build
FNDA:1,build_theme_set
FNDA:1,build_syntax_set_builder
FNDA:1,print_unlinked_contexts
FNDA:1,write_assets
FNDA:4,asset_to_contents
FNDA:3,asset_to_cache
DA:12,1
DA:19,2
DA:21,1
DA:23,0
DA:25,1
DA:27,0
DA:30,0
DA:31,0
DA:32,0
DA:33,0
DA:34,0
DA:38,1
DA:39,2
DA:40,0
DA:42,1
DA:45,0
DA:46,0
DA:47,1
DA:48,1
DA:49,0
DA:50,0
DA:51,0
DA:52,0
DA:56,0
DA:57,0
DA:58,0
DA:62,0
DA:65,1
DA:69,2
DA:70,1
DA:71,1
DA:72,1
DA:74,0
DA:78,1
DA:79,1
DA:80,1
DA:82,0
DA:83,0
DA:84,0
DA:88,1
DA:91,1
DA:92,1
DA:93,1
DA:94,0
DA:95,0
DA:96,0
DA:101,1
DA:108,1
DA:110,1
DA:111,1
DA:113,1
DA:116,1
DA:117,1
DA:119,1
DA:122,2
DA:124,0
DA:125,0
DA:127,0
DA:131,1
DA:132,1
DA:133,1
DA:135,1
DA:136,1
DA:138,1
DA:141,4
DA:146,4
DA:147,4
DA:149,2
DA:150,2
DA:153,2
DA:155,8
DA:156,4
DA:159,3
DA:165,3
DA:166,6
DA:167,0
DA:168,0
DA:169,0
DA:170,0
DA:171,0
DA:174,3
DA:175,3
LF:82
LH:49
end_of_record
TN:
SF:/Users/smeya/git/bat/src/assets/lazy_theme_set.rs
FN:32,LazyThemeSet::get
FN:42,LazyThemeSet::themes
FN:48,LazyTheme::deserialize
FN:64,<impl TryFrom for ThemeSet>::try_from
FN:83,<impl TryFrom for LazyThemeSet>::try_from
FNF:5
FNDA:146,LazyThemeSet::get
FNDA:3,LazyThemeSet::themes
FNDA:140,LazyTheme::deserialize
FNDA:0,<impl TryFrom for ThemeSet>::try_from
FNDA:1,<impl TryFrom for LazyThemeSet>::try_from
DA:32,146
DA:33,292
DA:34,146
DA:35,146
DA:36,432
DA:37,146
DA:42,3
DA:43,78
DA:48,140
DA:50,140
DA:52,140
DA:64,0
DA:65,0
DA:67,0
DA:68,0
DA:71,0
DA:83,1
DA:84,1
DA:86,3
DA:89,1
DA:94,0
DA:98,0
DA:101,1
LF:23
LH:16
end_of_record
TN:
SF:/Users/smeya/git/bat/src/assets/serialized_syntax_set.rs
FN:19,SerializedSyntaxSet::deserialize
FNF:1
FNDA:42,SerializedSyntaxSet::deserialize
DA:19,42
DA:20,42
DA:21,42
DA:22,0
DA:23,0
LF:5
LH:3
end_of_record
TN:
SF:/Users/smeya/git/bat/src/assets.rs
FN:64,HighlightingAssets::new
FN:73,HighlightingAssets::from_cache
FN:80,HighlightingAssets::from_binary
FN:87,HighlightingAssets::set_fallback_theme
FN:92,HighlightingAssets::get_syntax_set
FN:99,HighlightingAssets::syntaxes
FN:105,HighlightingAssets::get_syntaxes
FN:109,HighlightingAssets::get_theme_set
FN:113,HighlightingAssets::themes
FN:119,HighlightingAssets::syntax_for_file_name
FN:151,HighlightingAssets::get_syntax_for_path
FN:189,HighlightingAssets::get_theme
FN:210,HighlightingAssets::get_syntax
FN:244,HighlightingAssets::find_syntax_by_name
FN:254,HighlightingAssets::find_syntax_by_extension
FN:262,HighlightingAssets::get_syntax_for_file_name
FN:278,HighlightingAssets::get_syntax_for_file_extension
FN:294,HighlightingAssets::get_first_line_syntax
FN:306,get_serialized_integrated_syntaxset
FN:310,get_integrated_themeset
FN:314,get_acknowledgements
FN:321,from_binary
FN:326,asset_from_contents
FN:339,asset_from_cache
FNF:24
FNDA:228,HighlightingAssets::new
FNDA:213,HighlightingAssets::from_cache
FNDA:228,HighlightingAssets::from_binary
FNDA:0,HighlightingAssets::set_fallback_theme
FNDA:149,HighlightingAssets::get_syntax_set
FNDA:0,HighlightingAssets::syntaxes
FNDA:4,HighlightingAssets::get_syntaxes
FNDA:149,HighlightingAssets::get_theme_set
FNDA:3,HighlightingAssets::themes
FNDA:0,HighlightingAssets::syntax_for_file_name
FNDA:71,HighlightingAssets::get_syntax_for_path
FNDA:146,HighlightingAssets::get_theme
FNDA:99,HighlightingAssets::get_syntax
FNDA:31,HighlightingAssets::find_syntax_by_name
FNDA:80,HighlightingAssets::find_syntax_by_extension
FNDA:43,HighlightingAssets::get_syntax_for_file_name
FNDA:37,HighlightingAssets::get_syntax_for_file_extension
FNDA:7,HighlightingAssets::get_first_line_syntax
FNDA:228,get_serialized_integrated_syntaxset
FNDA:228,get_integrated_themeset
FNDA:1,get_acknowledgements
FNDA:271,from_binary
FNDA:411,asset_from_contents
FNDA:213,asset_from_cache
DA:64,228
DA:66,228
DA:73,213
DA:74,213
DA:75,213
DA:76,426
DA:80,228
DA:82,228
DA:83,228
DA:87,0
DA:88,0
DA:92,149
DA:93,149
DA:94,340
DA:99,0
DA:100,0
DA:105,4
DA:106,8
DA:109,149
DA:110,149
DA:113,3
DA:114,3
DA:119,0
DA:124,0
DA:126,0
DA:151,71
DA:156,71
DA:158,71
DA:160,32
DA:161,1
DA:164,60
DA:165,0
DA:166,0
DA:167,30
DA:170,41
DA:172,41
DA:173,41
DA:174,41
DA:176,5
DA:178,0
DA:179,1
DA:182,35
DA:183,35
DA:184,39
DA:189,146
DA:190,146
DA:191,146
DA:193,0
DA:194,0
DA:195,0
DA:197,0
DA:198,0
DA:200,0
DA:202,0
DA:203,0
DA:210,99
DA:216,126
DA:217,27
DA:220,27
DA:221,0
DA:224,72
DA:225,215
DA:227,71
DA:231,1
DA:234,8
DA:237,7
DA:238,7
DA:239,7
DA:240,65
DA:244,31
DA:248,62
DA:251,30
DA:254,80
DA:255,160
DA:256,77
DA:259,36
DA:262,43
DA:267,86
DA:270,40
DA:272,2
DA:275,43
DA:278,37
DA:283,74
DA:286,8
DA:288,2
DA:291,37
DA:294,7
DA:298,14
DA:301,7
DA:302,5
DA:306,228
DA:307,228
DA:310,228
DA:311,228
DA:314,1
DA:316,1
DA:317,1
DA:321,271
DA:322,271
DA:326,411
DA:331,411
DA:332,141
DA:334,270
DA:336,822
DA:339,213
DA:344,426
DA:345,213
DA:346,213
DA:347,213
DA:348,213
DA:351,0
DA:352,0
LF:112
LH:91
end_of_record
TN:
SF:/Users/smeya/git/bat/src/bin/bat/app.rs
FN:30,is_truecolor_terminal
FN:36,env_no_color
FN:46,App::new
FN:58,App::matches
FN:98,App::config
FN:338,App::inputs
FN:384,App::forced_style_components
FN:411,App::style_components
FN:444,App::theme_options
FNF:9
FNDA:219,is_truecolor_terminal
FNDA:134,env_no_color
FNDA:223,App::new
FNDA:223,App::matches
FNDA:219,App::config
FNDA:220,App::inputs
FNDA:219,App::forced_style_components
FNDA:219,App::style_components
FNDA:219,App::theme_options
DA:30,219
DA:31,219
DA:32,467
DA:36,134
DA:37,268
DA:46,223
DA:48,223
DA:50,223
DA:52,223
DA:53,223
DA:54,223
DA:58,223
DA:59,446
DA:62,4
DA:63,718
DA:66,201
DA:67,201
DA:70,201
DA:73,1357
DA:75,201
DA:77,18
DA:80,18
DA:81,0
DA:82,0
DA:85,0
DA:88,0
DA:91,52
DA:92,0
DA:95,0
DA:98,219
DA:99,438
DA:101,0
DA:102,0
DA:103,0
DA:105,0
DA:107,0
DA:108,0
DA:110,0
DA:113,438
DA:114,219
DA:116,28
DA:117,1
DA:119,25
DA:122,236
DA:123,150
DA:125,300
DA:126,5
DA:127,145
DA:129,34
DA:134,32
DA:135,0
DA:137,31
DA:139,114
DA:140,0
DA:142,114
DA:148,0
DA:152,0
DA:154,3
DA:155,11
DA:156,0
DA:160,7
DA:163,7
DA:164,7
DA:166,7
DA:167,0
DA:170,7
DA:174,219
DA:175,219
DA:177,275
DA:178,112
DA:180,0
DA:181,0
DA:182,0
DA:184,0
DA:185,0
DA:187,0
DA:191,56
DA:195,0
DA:196,0
DA:197,0
DA:198,0
DA:199,0
DA:200,2
DA:201,217
DA:202,217
DA:203,7
DA:205,210
DA:208,0
DA:209,0
DA:210,0
DA:211,0
DA:212,219
DA:214,436
DA:215,4
DA:216,0
DA:218,438
DA:219,220
DA:220,436
DA:221,0
DA:223,437
DA:224,57
DA:225,110
DA:226,60
DA:227,61
DA:228,39
DA:229,39
DA:230,1
DA:232,38
DA:235,0
DA:238,2
DA:243,162
DA:245,219
DA:246,416
DA:247,220
DA:248,259
DA:249,399
DA:250,0
DA:252,219
DA:253,219
DA:254,219
DA:255,654
DA:256,206
DA:257,206
DA:258,206
DA:259,412
DA:260,0
DA:261,112
DA:262,0
DA:263,0
DA:264,0
DA:265,0
DA:266,12
DA:267,0
DA:268,55
DA:269,53
DA:271,166
DA:274,0
DA:275,0
DA:276,0
DA:277,219
DA:279,431
DA:280,10
DA:281,8
DA:282,0
DA:284,219
DA:285,219
DA:286,219
DA:289,0
DA:290,0
DA:291,0
DA:292,0
DA:293,0
DA:297,219
DA:298,219
DA:299,272
DA:300,0
DA:301,219
DA:302,219
DA:305,219
DA:306,219
DA:307,261
DA:308,0
DA:309,0
DA:310,0
DA:311,219
DA:312,0
DA:313,0
DA:314,0
DA:315,0
DA:316,18
DA:317,0
DA:318,219
DA:319,219
DA:320,219
DA:321,219
DA:322,219
DA:323,219
DA:324,219
DA:325,219
DA:326,6
DA:327,6
DA:328,6
DA:329,16
DA:330,6
DA:333,213
DA:338,220
DA:339,220
DA:340,220
DA:342,486
DA:344,220
DA:345,220
DA:347,997
DA:350,220
DA:351,15
DA:352,55
DA:354,1
DA:357,0
DA:358,14
DA:359,205
DA:361,0
DA:362,43
DA:363,43
DA:366,0
DA:367,553
DA:368,0
DA:371,0
DA:372,201
DA:373,201
DA:374,3
DA:375,3
DA:377,198
DA:381,0
DA:384,219
DA:386,219
DA:387,219
DA:388,219
DA:389,657
DA:390,219
DA:392,8
DA:396,211
DA:397,3
DA:398,3
DA:403,208
DA:404,14
DA:408,194
DA:411,219
DA:412,219
DA:413,438
DA:414,25
DA:417,284
DA:418,180
DA:421,274
DA:424,0
DA:428,104
DA:429,104
DA:430,104
DA:431,104
DA:432,104
DA:437,129
DA:438,6
DA:441,0
DA:444,219
DA:445,219
DA:446,219
DA:448,459
DA:450,219
DA:451,219
DA:453,439
DA:454,219
DA:455,219
DA:457,439
LF:251
LH:181
end_of_record
TN:
SF:/Users/smeya/git/bat/src/bin/bat/assets.rs
FN:12,clear_assets
FN:18,assets_from_cache_or_binary
FN:46,clear_asset
FNF:3
FNDA:1,clear_assets
FNDA:214,assets_from_cache_or_binary
FNDA:3,clear_asset
DA:12,1
DA:13,1
DA:14,1
DA:15,1
DA:18,214
DA:22,214
DA:23,0
DA:24,0
DA:25,0
DA:26,0
DA:27,0
DA:28,0
DA:29,0
DA:30,0
DA:31,0
DA:32,0
DA:34,0
DA:38,214
DA:39,213
DA:41,1
DA:43,0
DA:46,3
DA:47,3
DA:48,3
DA:49,0
DA:50,0
DA:52,0
DA:53,0
DA:55,3
LF:29
LH:13
end_of_record
TN:
SF:/Users/smeya/git/bat/src/bin/bat/clap_app.rs
FN:23,build_app
FNF:1
FNDA:224,build_app
DA:10,224
DA:11,224
DA:12,224
DA:13,224
DA:14,224
DA:16,224
DA:17,0
DA:19,224
DA:23,224
DA:24,449
DA:25,1
DA:27,223
DA:30,224
DA:31,224
DA:32,224
DA:41,224
DA:42,224
DA:43,224
DA:44,224
DA:45,224
DA:47,224
DA:48,224
DA:51,224
DA:52,224
DA:53,224
DA:54,224
DA:55,224
DA:56,224
DA:57,224
DA:58,224
DA:59,224
DA:60,224
DA:61,224
DA:65,224
DA:66,224
DA:67,224
DA:68,224
DA:69,224
DA:70,224
DA:71,224
DA:72,224
DA:73,224
DA:74,224
DA:75,224
DA:76,224
DA:77,224
DA:81,224
DA:82,224
DA:83,224
DA:84,224
DA:85,224
DA:86,224
DA:87,224
DA:88,224
DA:89,224
DA:90,224
DA:91,224
DA:92,224
DA:93,224
DA:97,224
DA:98,224
DA:99,224
DA:100,224
DA:101,224
DA:102,224
DA:103,224
DA:104,224
DA:105,224
DA:106,224
DA:107,224
DA:111,224
DA:112,224
DA:113,224
DA:114,224
DA:115,224
DA:116,224
DA:117,224
DA:118,224
DA:119,224
DA:120,224
DA:124,224
DA:125,224
DA:126,224
DA:127,224
DA:128,224
DA:129,224
DA:130,224
DA:131,224
DA:132,224
DA:133,224
DA:134,224
DA:135,224
DA:136,224
DA:137,224
DA:141,224
DA:142,224
DA:143,224
DA:144,224
DA:145,224
DA:146,224
DA:147,224
DA:148,224
DA:149,224
DA:150,224
DA:151,224
DA:157,224
DA:158,224
DA:159,224
DA:160,224
DA:161,224
DA:162,224
DA:163,224
DA:164,224
DA:165,224
DA:166,224
DA:167,224
DA:170,224
DA:171,224
DA:172,224
DA:173,224
DA:174,224
DA:175,224
DA:176,224
DA:177,0
DA:178,0
DA:179,0
DA:180,0
DA:181,224
DA:183,224
DA:184,224
DA:185,224
DA:190,224
DA:191,224
DA:192,224
DA:193,224
DA:194,224
DA:195,224
DA:196,240
DA:197,16
DA:198,32
DA:199,48
DA:200,32
DA:201,240
DA:203,224
DA:204,224
DA:205,224
DA:206,224
DA:209,224
DA:210,224
DA:211,224
DA:212,224
DA:213,224
DA:214,224
DA:215,224
DA:216,224
DA:217,224
DA:218,224
DA:219,224
DA:220,224
DA:222,224
DA:223,224
DA:224,224
DA:225,224
DA:226,224
DA:227,224
DA:229,224
DA:230,224
DA:231,224
DA:232,224
DA:233,224
DA:234,224
DA:235,224
DA:236,280
DA:237,168
DA:238,56
DA:239,112
DA:240,112
DA:241,0
DA:243,56
DA:245,112
DA:247,224
DA:248,224
DA:249,224
DA:250,224
DA:253,224
DA:254,224
DA:255,224
DA:256,224
DA:257,224
DA:258,224
DA:259,224
DA:260,224
DA:261,224
DA:262,224
DA:265,224
DA:266,224
DA:267,224
DA:268,224
DA:269,224
DA:270,224
DA:271,224
DA:272,224
DA:273,224
DA:274,224
DA:275,224
DA:276,224
DA:277,224
DA:278,224
DA:281,224
DA:282,224
DA:283,224
DA:284,224
DA:285,224
DA:286,224
DA:287,224
DA:288,224
DA:289,224
DA:291,224
DA:292,224
DA:293,224
DA:294,224
DA:295,224
DA:296,224
DA:297,224
DA:298,224
DA:299,224
DA:300,224
DA:301,224
DA:302,224
DA:303,224
DA:306,224
DA:307,224
DA:308,224
DA:309,224
DA:310,224
DA:311,224
DA:312,224
DA:313,224
DA:314,224
DA:315,224
DA:316,224
DA:317,224
DA:319,224
DA:320,224
DA:321,224
DA:322,224
DA:323,224
DA:324,224
DA:325,224
DA:326,224
DA:327,224
DA:328,224
DA:329,224
DA:330,224
DA:331,224
DA:332,224
DA:333,224
DA:336,224
DA:337,224
DA:338,224
DA:339,224
DA:340,224
DA:341,224
DA:342,224
DA:343,224
DA:344,224
DA:345,224
DA:347,224
DA:348,224
DA:349,224
DA:350,224
DA:351,224
DA:352,224
DA:353,224
DA:354,224
DA:355,224
DA:356,224
DA:357,224
DA:358,224
DA:361,224
DA:362,224
DA:363,224
DA:364,224
DA:365,224
DA:366,224
DA:367,224
DA:368,224
DA:369,224
DA:370,224
DA:371,224
DA:372,224
DA:373,224
DA:376,224
DA:377,224
DA:378,224
DA:379,224
DA:380,224
DA:381,224
DA:382,224
DA:383,224
DA:386,224
DA:387,224
DA:388,224
DA:389,224
DA:390,224
DA:391,224
DA:392,224
DA:393,224
DA:394,224
DA:395,224
DA:396,224
DA:397,224
DA:398,224
DA:399,224
DA:400,224
DA:401,224
DA:402,224
DA:403,224
DA:406,224
DA:407,224
DA:408,224
DA:409,224
DA:410,224
DA:411,224
DA:412,224
DA:413,224
DA:414,224
DA:415,224
DA:416,224
DA:418,224
DA:419,224
DA:420,224
DA:421,224
DA:422,224
DA:423,224
DA:424,224
DA:425,224
DA:426,224
DA:427,224
DA:428,224
DA:430,224
DA:431,224
DA:432,224
DA:433,224
DA:434,224
DA:435,224
DA:437,224
DA:438,224
DA:439,224
DA:440,224
DA:441,224
DA:442,224
DA:443,224
DA:445,224
DA:446,224
DA:447,224
DA:448,456
DA:449,224
DA:450,224
DA:452,224
DA:453,224
DA:454,224
DA:455,224
DA:456,224
DA:457,224
DA:458,224
DA:459,224
DA:460,224
DA:461,224
DA:462,224
DA:463,224
DA:464,224
DA:466,224
DA:467,224
DA:468,224
DA:469,224
DA:470,224
DA:472,321
DA:473,97
DA:474,0
DA:475,97
DA:478,224
DA:479,224
DA:480,224
DA:482,224
DA:483,224
DA:484,224
DA:485,224
DA:486,224
DA:487,224
DA:488,224
DA:489,224
DA:490,224
DA:491,224
DA:492,224
DA:493,224
DA:494,224
DA:495,224
DA:496,224
DA:497,224
DA:498,224
DA:499,224
DA:500,224
DA:501,224
DA:502,224
DA:503,224
DA:504,224
DA:505,224
DA:506,224
DA:507,224
DA:508,224
DA:509,224
DA:510,224
DA:511,224
DA:514,224
DA:515,224
DA:516,224
DA:517,224
DA:518,224
DA:519,224
DA:520,224
DA:521,224
DA:522,224
DA:523,224
DA:524,224
DA:525,224
DA:526,224
DA:527,224
DA:528,224
DA:531,224
DA:532,224
DA:533,224
DA:534,224
DA:535,224
DA:536,224
DA:537,224
DA:538,224
DA:540,224
DA:541,224
DA:542,224
DA:543,224
DA:544,224
DA:545,224
DA:546,224
DA:547,224
DA:548,224
DA:549,224
DA:552,224
DA:553,224
DA:554,224
DA:555,224
DA:556,224
DA:557,224
DA:559,224
DA:560,224
DA:561,224
DA:562,224
DA:563,224
DA:564,224
DA:569,224
DA:570,224
DA:571,224
DA:572,224
DA:573,224
DA:574,224
DA:580,224
DA:581,224
DA:582,224
DA:583,224
DA:584,224
DA:585,224
DA:587,224
DA:588,224
DA:589,224
DA:590,224
DA:591,224
DA:592,224
DA:593,224
DA:597,224
DA:598,224
DA:599,224
DA:600,224
DA:601,224
DA:602,224
DA:603,224
DA:604,224
DA:605,224
DA:607,224
DA:608,224
DA:609,224
DA:610,224
DA:611,224
DA:612,224
DA:613,224
DA:614,224
DA:616,224
DA:617,224
DA:618,224
DA:619,224
DA:620,224
DA:621,224
DA:623,224
DA:624,224
DA:625,224
DA:626,224
DA:627,224
DA:628,224
DA:630,224
DA:631,224
DA:632,224
DA:633,224
DA:634,224
DA:635,224
DA:636,224
DA:638,224
DA:639,224
DA:640,224
DA:641,224
DA:642,224
DA:643,224
DA:645,224
DA:646,224
DA:647,224
DA:648,224
DA:649,224
DA:650,224
DA:655,224
DA:656,194
DA:658,30
DA:659,30
DA:660,30
DA:661,30
DA:662,30
DA:663,30
DA:664,30
DA:665,30
DA:666,30
DA:667,30
DA:668,30
DA:669,30
DA:670,30
DA:673,30
DA:674,30
DA:675,30
DA:676,30
DA:677,30
DA:678,30
DA:680,30
DA:681,30
DA:682,30
DA:683,30
DA:685,30
DA:686,30
DA:687,30
DA:688,30
DA:689,30
DA:690,30
DA:692,30
DA:693,30
DA:694,30
DA:695,30
DA:696,30
DA:697,30
DA:698,30
DA:701,30
DA:702,30
DA:703,30
DA:704,30
DA:705,30
DA:706,30
DA:707,30
DA:708,30
DA:711,30
DA:712,30
DA:713,30
DA:714,30
DA:715,30
DA:716,30
LF:578
LH:571
end_of_record
TN:
SF:/Users/smeya/git/bat/src/bin/bat/config.rs
FN:15,system_config_file
FN:25,config_file
FN:32,generate_config_file
FN:105,get_args_from_config_file
FN:120,get_args_from_env_opts_var
FN:124,get_args_from_str
FN:140,get_args_from_env_vars
FNF:7
FNDA:19,system_config_file
FNDA:23,config_file
FNDA:1,generate_config_file
FNDA:18,get_args_from_config_file
FNDA:18,get_args_from_env_opts_var
FNDA:24,get_args_from_str
FNDA:219,get_args_from_env_vars
DA:15,19
DA:16,19
DA:17,19
DA:19,19
DA:20,19
DA:22,19
DA:25,23
DA:26,23
DA:28,23
DA:29,55
DA:32,1
DA:33,1
DA:34,1
DA:35,0
DA:36,0
DA:37,0
DA:40,0
DA:41,0
DA:42,0
DA:43,0
DA:45,0
DA:46,0
DA:49,1
DA:50,1
DA:51,1
DA:53,0
DA:54,0
DA:55,0
DA:57,0
DA:62,1
DA:63,1
DA:64,1
DA:66,1
DA:67,1
DA:68,1
DA:70,1
DA:71,1
DA:72,1
DA:74,1
DA:75,1
DA:77,1
DA:78,1
DA:79,1
DA:80,1
DA:82,1
DA:83,1
DA:84,1
DA:85,1
DA:86,1
DA:87,1
DA:89,1
DA:90,0
DA:91,0
DA:92,0
DA:93,0
DA:97,1
DA:98,1
DA:99,1
DA:102,1
DA:105,18
DA:106,18
DA:108,18
DA:109,0
DA:110,0
DA:113,33
DA:114,0
DA:117,18
DA:120,18
DA:121,36
DA:124,24
DA:125,48
DA:127,265
DA:128,265
DA:129,204
DA:130,24
DA:136,33
DA:140,219
DA:142,219
DA:143,219
DA:144,219
DA:145,219
DA:146,219
DA:147,219
DA:148,219
DA:151,1752
DA:152,1533
DA:153,1533
DA:154,3114
DA:156,486
LF:89
LH:69
end_of_record
TN:
SF:/Users/smeya/git/bat/src/bin/bat/directories.rs
FN:15,BatProjectDirs::new
FN:41,BatProjectDirs::cache_dir
FN:45,BatProjectDirs::config_dir
FNF:3
FNDA:223,BatProjectDirs::new
FNDA:223,BatProjectDirs::cache_dir
FNDA:232,BatProjectDirs::config_dir
DA:15,223
DA:16,446
DA:20,0
DA:23,223
DA:28,1
DA:32,222
DA:41,223
DA:42,223
DA:45,232
DA:46,232
DA:51,223
LF:11
LH:10
end_of_record
TN:
SF:/Users/smeya/git/bat/src/bin/bat/input.rs
FN:4,new_file_input
FN:8,new_stdin_input
FN:12,named
FNF:3
FNDA:198,new_file_input
FNDA:46,new_stdin_input
FNDA:244,named
DA:4,198
DA:5,198
DA:8,46
DA:9,46
DA:12,244
DA:13,447
DA:14,0
DA:15,0
DA:16,0
DA:18,41
LF:10
LH:7
end_of_record
TN:
SF:/Users/smeya/git/bat/src/bin/bat/main.rs
FN:49,build_assets
FN:64,run_cache_subcommand
FN:86,get_syntax_mapping_to_paths
FN:101,get_languages
FN:192,theme_preview_file
FN:196,list_themes
FN:260,set_terminal_title_to
FN:267,get_new_terminal_title
FN:278,run_controller
FN:288,invoke_bugreport
FN:346,run
FN:429,main
FNF:12
FNDA:1,build_assets
FNDA:2,run_cache_subcommand
FNDA:0,get_syntax_mapping_to_paths
FNDA:0,get_languages
FNDA:24,theme_preview_file
FNDA:3,list_themes
FNDA:1,set_terminal_title_to
FNDA:1,get_new_terminal_title
FNDA:211,run_controller
FNDA:1,invoke_bugreport
FNDA:223,run
FNDA:223,main
DA:49,1
DA:50,1
DA:52,1
DA:53,2
DA:56,1
DA:57,1
DA:58,1
DA:59,1
DA:60,1
DA:64,2
DA:69,2
DA:71,2
DA:72,4
DA:74,2
DA:76,1
DA:79,2
DA:80,1
DA:83,2
DA:86,0
DA:91,0
DA:92,0
DA:93,0
DA:94,0
DA:95,0
DA:98,0
DA:101,0
DA:102,0
DA:104,0
DA:105,0
DA:108,0
DA:113,0
DA:114,0
DA:115,0
DA:121,0
DA:122,0
DA:125,0
DA:126,0
DA:127,0
DA:131,0
DA:133,0
DA:135,0
DA:136,0
DA:137,0
DA:138,0
DA:142,0
DA:143,0
DA:144,0
DA:147,0
DA:149,0
DA:153,0
DA:154,0
DA:156,0
DA:158,0
DA:159,0
DA:161,0
DA:164,0
DA:165,0
DA:168,0
DA:170,0
DA:171,0
DA:173,0
DA:174,0
DA:175,0
DA:176,0
DA:179,0
DA:180,0
DA:181,0
DA:182,0
DA:185,0
DA:189,0
DA:192,24
DA:193,24
DA:196,3
DA:202,6
DA:203,0
DA:204,0
DA:205,0
DA:206,0
DA:207,0
DA:209,3
DA:210,0
DA:211,3
DA:213,0
DA:214,72
DA:215,144
DA:216,3
DA:217,69
DA:218,0
DA:219,69
DA:220,3
DA:222,66
DA:224,72
DA:225,24
DA:226,24
DA:228,24
DA:229,24
DA:231,24
DA:232,24
DA:234,24
DA:235,24
DA:238,24
DA:239,48
DA:240,24
DA:242,24
DA:246,3
DA:247,1
DA:248,1
DA:253,1
DA:257,3
DA:260,1
DA:261,1
DA:262,1
DA:263,1
DA:264,1
DA:267,1
DA:268,1
DA:269,2
DA:270,0
DA:271,0
DA:272,0
DA:275,1
DA:278,211
DA:279,422
DA:280,0
DA:281,25
DA:282,1
DA:284,0
DA:288,1
DA:291,2
DA:293,2
DA:295,1
DA:296,1
DA:298,2
DA:299,1
DA:300,1
DA:301,1
DA:302,1
DA:303,1
DA:304,1
DA:305,1
DA:306,1
DA:307,1
DA:308,1
DA:309,1
DA:310,1
DA:311,1
DA:312,1
DA:313,1
DA:314,1
DA:315,1
DA:316,1
DA:317,1
DA:318,1
DA:319,1
DA:320,1
DA:321,1
DA:323,1
DA:324,1
DA:325,1
DA:326,1
DA:327,1
DA:329,1
DA:330,1
DA:333,2
DA:334,0
DA:335,0
DA:336,0
DA:337,0
DA:341,1
DA:346,223
DA:347,446
DA:348,0
DA:349,0
DA:351,0
DA:353,1
DA:355,1
DA:356,1
DA:360,0
DA:361,0
DA:362,0
DA:363,0
DA:364,0
DA:365,0
DA:368,0
DA:371,222
DA:372,4
DA:376,2
DA:378,2
DA:379,2
DA:380,2
DA:381,2
DA:383,2
DA:385,0
DA:386,0
DA:388,0
DA:392,440
DA:393,219
DA:395,0
DA:396,0
DA:397,0
DA:399,0
DA:403,0
DA:404,219
DA:405,3
DA:406,3
DA:407,216
DA:408,3
DA:409,3
DA:410,213
DA:411,1
DA:412,1
DA:413,212
DA:414,0
DA:415,0
DA:416,212
DA:417,0
DA:418,0
DA:419,212
DA:420,1
DA:421,1
DA:423,211
DA:429,223
DA:430,223
DA:432,223
DA:433,4
DA:434,4
DA:435,4
DA:436,4
DA:439,7
DA:442,212
LF:230
LH:139
end_of_record
TN:
SF:/Users/smeya/git/bat/src/config.rs
FN:21,VisibleLines::diff_mode
FN:31,<impl Default for VisibleLines>::default
FN:113,get_pager_executable
FNF:3
FNDA:278,VisibleLines::diff_mode
FNDA:3,<impl Default for VisibleLines>::default
FNDA:1,get_pager_executable
DA:21,278
DA:22,278
DA:23,278
DA:25,0
DA:31,3
DA:32,3
DA:113,1
DA:114,1
DA:117,3
LF:9
LH:8
end_of_record
TN:
SF:/Users/smeya/git/bat/src/controller.rs
FN:30,Controller<'_>::new
FN:39,Controller<'_>::run
FN:43,Controller<'_>::run_with_error_handler
FN:125,Controller<'_>::print_input
FN:197,Controller<'_>::print_file
FN:235,Controller<'_>::print_file_ranges
FNF:6
FNDA:235,Controller<'_>::new
FNDA:235,Controller<'_>::run
FNDA:235,Controller<'_>::run_with_error_handler
FNDA:257,Controller<'_>::print_input
FNDA:250,Controller<'_>::print_file
FNDA:229,Controller<'_>::print_file_ranges
DA:30,235
DA:35,235
DA:39,235
DA:40,235
DA:43,235
DA:49,0
DA:57,235
DA:58,235
DA:59,48
DA:60,48
DA:61,0
DA:63,0
DA:66,24
DA:67,0
DA:71,235
DA:73,238
DA:78,0
DA:81,0
DA:82,232
DA:83,20
DA:85,212
DA:88,256
DA:89,0
DA:90,24
DA:91,208
DA:93,0
DA:94,0
DA:96,257
DA:97,257
DA:98,257
DA:99,514
DA:100,38
DA:103,219
DA:105,264
DA:106,0
DA:109,0
DA:110,7
DA:111,7
DA:112,0
DA:114,7
DA:118,0
DA:122,232
DA:125,257
DA:133,251
DA:134,0
DA:135,19
DA:136,36
DA:137,17
DA:139,246
DA:142,0
DA:143,0
DA:146,251
DA:147,397
DA:149,1
DA:150,26
DA:151,26
DA:154,26
DA:155,0
DA:156,0
DA:157,0
DA:158,0
DA:160,0
DA:163,26
DA:165,1
DA:167,0
DA:169,1
DA:172,224
DA:175,250
DA:176,105
DA:178,146
DA:179,146
DA:180,146
DA:181,146
DA:182,146
DA:183,146
DA:187,0
DA:188,0
DA:189,0
DA:190,0
DA:191,0
DA:192,0
DA:193,0
DA:197,250
DA:205,271
DA:206,248
DA:209,250
DA:210,229
DA:211,229
DA:213,0
DA:214,0
DA:216,0
DA:217,0
DA:218,0
DA:219,0
DA:220,0
DA:224,0
DA:228,0
DA:230,250
DA:232,250
DA:235,229
DA:242,229
DA:243,229
DA:245,229
DA:247,229
DA:249,229
DA:250,229
DA:251,229
DA:253,229
DA:256,1483
DA:258,2
DA:260,1478
DA:261,2736
DA:263,1259
DA:264,1259
DA:265,1259
DA:268,218
DA:272,1703
DA:274,6
DA:277,2730
DA:278,214
DA:283,0
DA:285,6
DA:286,6
DA:287,2
DA:289,4
DA:292,0
DA:294,0
DA:298,6
DA:299,6
DA:303,1239
DA:304,326
DA:305,92
DA:306,92
DA:307,234
DA:308,2
DA:309,2
DA:313,1239
DA:316,13
DA:320,229
LF:139
LH:98
end_of_record
TN:
SF:/Users/smeya/git/bat/src/decorations.rs
FN:29,LineNumberDecoration::new
FN:42,<impl Decoration for LineNumberDecoration>::generate
FN:67,<impl Decoration for LineNumberDecoration>::width
FN:84,LineChangesDecoration::generate_cached
FN:91,LineChangesDecoration::new
FN:104,<impl Decoration for LineChangesDecoration>::generate
FN:125,<impl Decoration for LineChangesDecoration>::width
FN:135,GridBorderDecoration::new
FN:146,<impl Decoration for GridBorderDecoration>::generate
FN:155,<impl Decoration for GridBorderDecoration>::width
FNF:10
FNDA:36,LineNumberDecoration::new
FNDA:355,<impl Decoration for LineNumberDecoration>::generate
FNDA:72,<impl Decoration for LineNumberDecoration>::width
FNDA:135,LineChangesDecoration::generate_cached
FNDA:27,LineChangesDecoration::new
FNDA:343,<impl Decoration for LineChangesDecoration>::generate
FNDA:54,<impl Decoration for LineChangesDecoration>::width
FNDA:24,GridBorderDecoration::new
FNDA:252,<impl Decoration for GridBorderDecoration>::generate
FNDA:24,<impl Decoration for GridBorderDecoration>::width
DA:29,36
DA:31,36
DA:33,36
DA:42,355
DA:48,355
DA:49,4
DA:50,0
DA:51,0
DA:52,0
DA:53,0
DA:57,4
DA:59,351
DA:61,351
DA:62,351
DA:67,72
DA:68,72
DA:84,135
DA:86,135
DA:87,135
DA:91,27
DA:93,27
DA:94,27
DA:95,27
DA:96,27
DA:97,27
DA:104,343
DA:110,343
DA:111,686
DA:112,0
DA:113,84
DA:114,0
DA:115,14
DA:116,28
DA:117,217
DA:122,0
DA:125,54
DA:126,54
DA:135,24
DA:137,24
DA:146,252
DA:152,252
DA:155,24
DA:156,24
LF:43
LH:36
end_of_record
TN:
SF:/Users/smeya/git/bat/src/diff.rs
FN:19,get_git_diff
FNF:1
FNDA:26,get_git_diff
DA:19,26
DA:20,52
DA:22,52
DA:24,26
DA:25,26
DA:27,0
DA:28,26
DA:29,0
DA:30,0
DA:32,26
DA:33,0
DA:36,0
DA:38,0
DA:39,70
DA:40,196
DA:41,0
DA:45,0
DA:46,14
DA:47,0
DA:48,70
DA:49,140
DA:51,70
DA:52,0
DA:55,70
DA:56,70
DA:57,70
DA:58,70
DA:60,154
DA:61,42
DA:62,84
DA:63,14
DA:64,0
DA:66,14
DA:67,14
DA:68,14
DA:69,14
DA:70,14
DA:74,14
DA:77,0
DA:79,0
DA:82,0
LF:41
LH:27
end_of_record
TN:
SF:/Users/smeya/git/bat/src/error.rs
FN:46,<impl From for Error>::from
FN:53,default_error_handler
FNF:2
FNDA:221,<impl From for Error>::from
FNDA:11,default_error_handler
DA:40,14
DA:41,14
DA:46,221
DA:47,221
DA:53,11
DA:56,0
DA:57,0
DA:58,0
DA:60,0
DA:61,0
DA:62,0
DA:64,0
DA:65,0
DA:69,11
DA:70,11
LF:15
LH:7
end_of_record
TN:
SF:/Users/smeya/git/bat/src/input.rs
FN:32,InputDescription::new
FN:41,InputDescription::set_kind
FN:45,InputDescription::set_summary
FN:49,InputDescription::set_title
FN:53,InputDescription::title
FN:60,InputDescription::kind
FN:64,InputDescription::summary
FN:79,InputKind<'_>::description
FN:117,OpenedInput<'_>::path
FN:129,Input<'a>::ordinary_file
FN:133,Input<'a>::_ordinary_file
FN:147,Input<'a>::stdin
FN:156,Input<'a>::from_reader
FN:165,Input<'a>::is_stdin
FN:169,Input<'a>::with_name
FN:173,Input<'a>::_with_name
FN:182,Input<'a>::description
FN:186,Input<'a>::description_mut
FN:190,Input<'a>::open
FN:259,InputReader<'a>::new
FN:280,InputReader<'a>::read_line
FNF:21
FNDA:316,InputDescription::new
FNDA:203,InputDescription::set_kind
FNDA:0,InputDescription::set_summary
FNDA:0,InputDescription::set_title
FNDA:52,InputDescription::title
FNDA:51,InputDescription::kind
FNDA:0,InputDescription::summary
FNDA:316,InputKind<'_>::description
FNDA:72,OpenedInput<'_>::path
FNDA:207,Input<'a>::ordinary_file
FNDA:207,Input<'a>::_ordinary_file
FNDA:48,Input<'a>::stdin
FNDA:61,Input<'a>::from_reader
FNDA:426,Input<'a>::is_stdin
FNDA:242,Input<'a>::with_name
FNDA:242,Input<'a>::_with_name
FNDA:295,Input<'a>::description
FNDA:203,Input<'a>::description_mut
FNDA:294,Input<'a>::open
FNDA:301,InputReader<'a>::new
FNDA:1483,InputReader<'a>::read_line
DA:32,316
DA:34,316
DA:41,203
DA:42,203
DA:45,0
DA:46,0
DA:49,0
DA:50,0
DA:53,52
DA:54,52
DA:55,0
DA:56,52
DA:60,51
DA:61,51
DA:64,0
DA:65,0
DA:66,0
DA:67,0
DA:79,316
DA:80,316
DA:81,207
DA:82,48
DA:83,61
DA:117,72
DA:118,72
DA:119,72
DA:121,72
DA:122,29
DA:123,43
DA:129,207
DA:130,207
DA:133,207
DA:134,207
DA:136,619
DA:141,207
DA:147,48
DA:148,48
DA:150,48
DA:151,48
DA:156,61
DA:157,61
DA:159,61
DA:160,61
DA:165,426
DA:166,780
DA:169,242
DA:170,726
DA:173,242
DA:174,484
DA:175,0
DA:178,726
DA:179,242
DA:182,295
DA:183,295
DA:186,203
DA:187,203
DA:190,294
DA:195,294
DA:196,294
DA:197,0
DA:198,70
DA:199,34
DA:200,0
DA:201,0
DA:202,1
DA:206,35
DA:207,35
DA:208,35
DA:209,35
DA:210,35
DA:214,197
DA:215,197
DA:216,197
DA:217,197
DA:218,0
DA:219,195
DA:220,4
DA:221,195
DA:222,2
DA:225,164
DA:226,164
DA:227,0
DA:229,0
DA:230,1
DA:231,1
DA:232,1
DA:234,1
DA:236,163
DA:239,192
DA:242,61
DA:243,61
DA:244,61
DA:245,61
DA:246,61
DA:259,301
DA:260,301
DA:261,301
DA:263,602
DA:264,49
DA:266,252
DA:269,303
DA:270,2
DA:274,301
DA:280,1483
DA:281,1483
DA:282,231
DA:283,231
DA:286,5008
DA:288,3
DA:289,3
DA:292,0
LF:111
LH:94
end_of_record
TN:
SF:/Users/smeya/git/bat/src/less.rs
FN:12,retrieve_less_version
FN:23,parse_less_version
FN:33,parse_less_version_busybox
FNF:3
FNDA:5,retrieve_less_version
FNDA:11,parse_less_version
FNDA:3,parse_less_version_busybox
DA:12,5
DA:13,10
DA:15,5
DA:16,0
DA:17,5
DA:19,0
DA:23,11
DA:24,11
DA:25,2
DA:28,18
DA:29,45
DA:30,0
DA:33,3
DA:34,3
DA:35,4
DA:36,2
LF:16
LH:13
end_of_record
TN:
SF:/Users/smeya/git/bat/src/lessopen.rs
FN:35,LessOpenPreprocessor::new
FN:77,LessOpenPreprocessor::open
FN:201,LessOpenPreprocessor::fall_back_to_original_file
FN:209,LessOpenPreprocessor::mock_new
FN:232,<impl Read for PreprocessedKind>::read
FN:246,<impl Read for Preprocessed>::read
FN:252,<impl Drop for Preprocessed>::drop
FNF:7
FNDA:245,LessOpenPreprocessor::new
FNDA:17,LessOpenPreprocessor::open
FNDA:17,LessOpenPreprocessor::fall_back_to_original_file
FNDA:10,LessOpenPreprocessor::mock_new
FNDA:16,<impl Read for PreprocessedKind>::read
FNDA:16,<impl Read for Preprocessed>::read
FNDA:11,<impl Drop for Preprocessed>::drop
DA:35,245
DA:36,490
DA:41,3
DA:42,3
DA:43,3
DA:50,8
DA:52,20
DA:54,15
DA:55,15
DA:59,5
DA:64,10
DA:66,18
DA:77,17
DA:83,28
DA:84,10
DA:85,10
DA:86,10
DA:87,0
DA:90,10
DA:91,10
DA:93,20
DA:94,0
DA:95,0
DA:98,0
DA:100,3
DA:104,7
DA:105,7
DA:106,7
DA:109,0
DA:110,7
DA:111,14
DA:112,7
DA:113,0
DA:114,0
DA:115,0
DA:122,7
DA:123,7
DA:125,7
DA:126,7
DA:128,7
DA:130,0
DA:131,0
DA:132,0
DA:136,0
DA:137,0
DA:139,3
DA:143,4
DA:144,4
DA:145,4
DA:148,0
DA:151,0
DA:152,0
DA:156,0
DA:157,0
DA:158,0
DA:159,9
DA:160,4
DA:161,0
DA:162,0
DA:163,0
DA:167,0
DA:168,2
DA:169,0
DA:172,2
DA:173,0
DA:174,0
DA:175,0
DA:179,0
DA:180,0
DA:181,0
DA:182,0
DA:183,0
DA:184,2
DA:187,9
DA:188,9
DA:189,9
DA:190,9
DA:191,9
DA:192,13
DA:196,11
DA:197,11
DA:201,17
DA:202,17
DA:203,20
DA:209,10
DA:210,19
DA:213,1
DA:216,13
DA:219,7
DA:222,10
DA:232,16
DA:233,16
DA:234,14
DA:235,2
DA:246,16
DA:247,16
DA:252,11
DA:253,17
DA:254,0
DA:256,6
DA:257,0
DA:259,0
DA:260,0
DA:264,0
DA:265,6
LF:105
LH:68
end_of_record
TN:
SF:/Users/smeya/git/bat/src/line_range.rs
FN:20,<impl Default for LineRange>::default
FN:29,LineRange::new
FN:36,LineRange::from
FN:40,LineRange::parse_range
FN:111,LineRange::is_inside
FNF:5
FNDA:270,<impl Default for LineRange>::default
FNDA:0,LineRange::new
FNDA:63,LineRange::from
FNDA:63,LineRange::parse_range
FNDA:1353,LineRange::is_inside
DA:20,270
DA:22,270
DA:23,270
DA:29,0
DA:31,0
DA:32,0
DA:36,63
DA:37,63
DA:40,63
DA:41,63
DA:42,63
DA:43,126
DA:46,11
DA:48,14
DA:51,8
DA:54,10
DA:55,52
DA:56,11
DA:58,12
DA:61,10
DA:64,11
DA:67,41
DA:68,41
DA:70,7
DA:71,7
DA:72,7
DA:75,64
DA:78,25
DA:79,7
DA:80,5
DA:81,16
DA:83,26
DA:85,7
DA:86,1
DA:88,4
DA:90,4
DA:95,19
DA:102,2
DA:103,2
DA:111,1353
DA:116,1353
DA:117,1308
DA:118,2598
DA:121,15
DA:122,15
DA:123,15
DA:124,30
DA:126,9
DA:127,9
DA:128,9
DA:129,9
DA:132,9
DA:135,12
DA:136,12
DA:137,12
DA:138,21
DA:146,9
DA:149,0
DA:150,0
DA:151,0
DA:152,0
DA:153,0
DA:154,0
DA:163,0
DA:310,217
DA:311,217
DA:314,207
DA:315,207
DA:318,456
DA:319,456
DA:321,704
DA:322,242
DA:323,6
DA:326,456
DA:328,456
DA:330,1160
DA:331,952
DA:332,11
DA:333,485
DA:337,912
DA:338,447
DA:339,7
DA:340,2
DA:351,2311
DA:356,2311
DA:357,2311
DA:359,5975
DA:361,1283
DA:362,2043
DA:364,7
DA:365,1021
DA:366,1003
DA:368,18
DA:372,229
DA:373,229
DA:378,206
DA:379,206
DA:387,216
DA:388,216
DA:393,9
DA:394,34
LF:101
LH:91
end_of_record
TN:
SF:/Users/smeya/git/bat/src/output.rs
FN:30,OutputType::from_mode
FN:47,OutputType::try_pager
FN:132,OutputType::stdout
FNF:3
FNDA:238,OutputType::from_mode
FNDA:24,OutputType::try_pager
FNDA:215,OutputType::stdout
DA:30,238
DA:36,238
DA:37,27
DA:39,0
DA:41,214
DA:47,24
DA:55,23
DA:56,50
DA:58,22
DA:59,22
DA:60,1
DA:63,22
DA:64,2
DA:67,20
DA:68,0
DA:70,0
DA:74,0
DA:75,0
DA:77,0
DA:84,5
DA:86,5
DA:87,5
DA:88,5
DA:89,0
DA:92,5
DA:93,0
DA:103,5
DA:104,0
DA:105,0
DA:107,0
DA:108,10
DA:110,0
DA:112,5
DA:115,0
DA:117,5
DA:121,5
DA:123,15
DA:126,0
DA:127,0
DA:128,0
DA:129,0
DA:132,215
DA:133,215
DA:137,232
DA:138,444
DA:146,211
DA:147,211
DA:149,20
DA:150,20
DA:151,20
DA:152,20
DA:153,191
DA:160,235
DA:161,255
DA:162,0
DA:173,4578
DA:174,4578
DA:175,4578
DA:176,0
LF:59
LH:40
end_of_record
TN:
SF:/Users/smeya/git/bat/src/pager.rs
FN:40,PagerKind::from_bin
FN:82,Pager::new
FN:93,get_pager
FNF:3
FNDA:23,PagerKind::from_bin
FNDA:23,Pager::new
FNDA:25,get_pager
DA:40,23
DA:44,23
DA:48,23
DA:51,23
DA:52,69
DA:55,69
DA:56,25
DA:57,22
DA:58,24
DA:59,3
DA:60,13
DA:82,23
DA:84,23
DA:85,23
DA:93,25
DA:94,25
DA:95,25
DA:97,50
DA:98,14
DA:99,0
DA:100,9
DA:101,2
DA:104,50
DA:105,0
DA:106,23
DA:107,23
DA:109,46
DA:117,14
DA:119,14
DA:122,23
DA:123,4
DA:124,4
DA:126,19
DA:129,1
LF:34
LH:32
end_of_record
TN:
SF:/Users/smeya/git/bat/src/preprocessor.rs
FN:9,expand_tabs
FN:45,try_parse_utf8_char
FN:59,replace_nonprintable
FN:140,strip_ansi
FNF:4
FNDA:2117,expand_tabs
FNDA:265,try_parse_utf8_char
FNDA:27,replace_nonprintable
FNDA:6,strip_ansi
DA:9,2117
DA:10,2117
DA:12,4127
DA:13,0
DA:15,2010
DA:16,2202
DA:18,88
DA:19,88
DA:20,88
DA:24,0
DA:25,0
DA:26,0
DA:29,0
DA:32,0
DA:33,0
DA:37,0
DA:42,2117
DA:45,265
DA:46,551
DA:48,265
DA:49,265
DA:50,265
DA:51,781
DA:52,561
DA:53,556
DA:54,547
DA:56,791
DA:59,27
DA:64,27
DA:66,81
DA:68,27
DA:69,27
DA:70,27
DA:71,273
DA:72,492
DA:73,0
DA:74,0
DA:76,121
DA:78,2
DA:81,28
DA:82,28
DA:83,31
DA:84,3
DA:86,25
DA:87,25
DA:88,25
DA:93,22
DA:94,2
DA:95,20
DA:97,22
DA:100,194
DA:101,71
DA:103,71
DA:104,35
DA:105,35
DA:106,35
DA:110,36
DA:111,36
DA:116,2
DA:117,1
DA:118,1
DA:121,242
DA:122,17
DA:123,0
DA:125,0
DA:128,0
DA:131,0
DA:132,0
DA:136,27
DA:140,6
DA:141,6
DA:143,26
DA:144,11
DA:145,11
DA:149,6
LF:75
LH:60
end_of_record
TN:
SF:/Users/smeya/git/bat/src/pretty_printer.rs
FN:49,PrettyPrinter<'a>::new
FN:68,PrettyPrinter<'a>::input
FN:74,PrettyPrinter<'a>::inputs
FN:82,PrettyPrinter<'a>::input_file
FN:87,PrettyPrinter<'a>::input_files
FN:96,PrettyPrinter<'a>::input_stdin
FN:102,PrettyPrinter<'a>::input_from_bytes
FN:107,PrettyPrinter<'a>::input_from_reader
FN:113,PrettyPrinter<'a>::language
FN:119,PrettyPrinter<'a>::term_width
FN:125,PrettyPrinter<'a>::tab_width
FN:131,PrettyPrinter<'a>::colored_output
FN:137,PrettyPrinter<'a>::true_color
FN:143,PrettyPrinter<'a>::header
FN:149,PrettyPrinter<'a>::line_numbers
FN:155,PrettyPrinter<'a>::grid
FN:161,PrettyPrinter<'a>::rule
FN:169,PrettyPrinter<'a>::vcs_modification_markers
FN:175,PrettyPrinter<'a>::show_nonprintable
FN:181,PrettyPrinter<'a>::snip
FN:190,PrettyPrinter<'a>::strip_ansi
FN:196,PrettyPrinter<'a>::wrapping_mode
FN:202,PrettyPrinter<'a>::use_italics
FN:209,PrettyPrinter<'a>::paging_mode
FN:216,PrettyPrinter<'a>::pager
FN:222,PrettyPrinter<'a>::line_ranges
FN:230,PrettyPrinter<'a>::highlight
FN:238,PrettyPrinter<'a>::highlight_range
FN:244,PrettyPrinter<'a>::squeeze_empty_lines
FN:252,PrettyPrinter<'a>::theme
FN:258,PrettyPrinter<'a>::syntax_mapping
FN:263,PrettyPrinter<'a>::themes
FN:267,PrettyPrinter<'a>::syntaxes
FN:284,PrettyPrinter<'a>::print
FN:289,PrettyPrinter<'a>::print_with_writer
FN:340,<impl Default for PrettyPrinter<'_>>::default
FN:352,Input<'a>::from_reader
FN:357,Input<'a>::from_file
FN:362,Input<'a>::from_bytes
FN:367,Input<'a>::from_stdin
FN:373,Input<'a>::name
FN:379,Input<'a>::kind
FN:389,Input<'a>::title
FN:396,<impl From for Input<'a>>::from
FN:402,<impl From for input::Input<'a>>::from
FNF:45
FNDA:2,PrettyPrinter<'a>::new
FNDA:0,PrettyPrinter<'a>::input
FNDA:0,PrettyPrinter<'a>::inputs
FNDA:0,PrettyPrinter<'a>::input_file
FNDA:0,PrettyPrinter<'a>::input_files
FNDA:0,PrettyPrinter<'a>::input_stdin
FNDA:0,PrettyPrinter<'a>::input_from_bytes
FNDA:0,PrettyPrinter<'a>::input_from_reader
FNDA:0,PrettyPrinter<'a>::language
FNDA:0,PrettyPrinter<'a>::term_width
FNDA:0,PrettyPrinter<'a>::tab_width
FNDA:0,PrettyPrinter<'a>::colored_output
FNDA:0,PrettyPrinter<'a>::true_color
FNDA:0,PrettyPrinter<'a>::header
FNDA:0,PrettyPrinter<'a>::line_numbers
FNDA:0,PrettyPrinter<'a>::grid
FNDA:0,PrettyPrinter<'a>::rule
FNDA:0,PrettyPrinter<'a>::vcs_modification_markers
FNDA:0,PrettyPrinter<'a>::show_nonprintable
FNDA:0,PrettyPrinter<'a>::snip
FNDA:0,PrettyPrinter<'a>::strip_ansi
FNDA:0,PrettyPrinter<'a>::wrapping_mode
FNDA:0,PrettyPrinter<'a>::use_italics
FNDA:0,PrettyPrinter<'a>::paging_mode
FNDA:0,PrettyPrinter<'a>::pager
FNDA:0,PrettyPrinter<'a>::line_ranges
FNDA:0,PrettyPrinter<'a>::highlight
FNDA:0,PrettyPrinter<'a>::highlight_range
FNDA:0,PrettyPrinter<'a>::squeeze_empty_lines
FNDA:0,PrettyPrinter<'a>::theme
FNDA:0,PrettyPrinter<'a>::syntax_mapping
FNDA:0,PrettyPrinter<'a>::themes
FNDA:2,PrettyPrinter<'a>::syntaxes
FNDA:0,PrettyPrinter<'a>::print
FNDA:0,PrettyPrinter<'a>::print_with_writer
FNDA:0,<impl Default for PrettyPrinter<'_>>::default
FNDA:0,Input<'a>::from_reader
FNDA:0,Input<'a>::from_file
FNDA:0,Input<'a>::from_bytes
FNDA:0,Input<'a>::from_stdin
FNDA:0,Input<'a>::name
FNDA:0,Input<'a>::kind
FNDA:0,Input<'a>::title
FNDA:0,<impl From for Input<'a>>::from
FNDA:0,<impl From for input::Input<'a>>::from
DA:49,2
DA:57,2
DA:59,2
DA:61,2
DA:63,2
DA:68,0
DA:69,0
DA:70,0
DA:74,0
DA:75,0
DA:76,0
DA:78,0
DA:82,0
DA:83,0
DA:87,0
DA:92,0
DA:96,0
DA:97,0
DA:98,0
DA:102,0
DA:103,0
DA:107,0
DA:108,0
DA:109,0
DA:113,0
DA:114,0
DA:115,0
DA:119,0
DA:120,0
DA:121,0
DA:125,0
DA:126,0
DA:127,0
DA:131,0
DA:132,0
DA:133,0
DA:137,0
DA:138,0
DA:139,0
DA:143,0
DA:144,0
DA:145,0
DA:149,0
DA:150,0
DA:151,0
DA:155,0
DA:156,0
DA:157,0
DA:161,0
DA:162,0
DA:163,0
DA:169,0
DA:170,0
DA:171,0
DA:175,0
DA:176,0
DA:177,0
DA:181,0
DA:182,0
DA:183,0
DA:190,0
DA:191,0
DA:192,0
DA:196,0
DA:197,0
DA:198,0
DA:202,0
DA:203,0
DA:204,0
DA:209,0
DA:210,0
DA:211,0
DA:216,0
DA:217,0
DA:218,0
DA:222,0
DA:223,0
DA:224,0
DA:230,0
DA:231,0
DA:232,0
DA:238,0
DA:239,0
DA:240,0
DA:244,0
DA:245,0
DA:246,0
DA:252,0
DA:253,0
DA:254,0
DA:258,0
DA:259,0
DA:260,0
DA:263,0
DA:264,0
DA:267,2
DA:270,2
DA:274,209
DA:275,182
DA:276,180
DA:277,180
DA:284,0
DA:285,0
DA:289,0
DA:290,0
DA:291,0
DA:292,0
DA:293,0
DA:294,0
DA:296,0
DA:297,0
DA:298,0
DA:300,0
DA:301,0
DA:303,0
DA:304,0
DA:305,0
DA:306,0
DA:308,0
DA:309,0
DA:310,0
DA:311,0
DA:313,0
DA:314,0
DA:316,0
DA:317,0
DA:318,0
DA:322,0
DA:325,0
DA:328,0
DA:329,0
DA:330,0
DA:331,0
DA:334,0
DA:340,0
DA:341,0
DA:352,0
DA:353,0
DA:357,0
DA:358,0
DA:362,0
DA:363,0
DA:367,0
DA:368,0
DA:373,0
DA:374,0
DA:375,0
DA:379,0
DA:380,0
DA:381,0
DA:383,0
DA:384,0
DA:389,0
DA:390,0
DA:391,0
DA:396,0
DA:402,0
DA:403,0
LF:158
LH:11
end_of_record
TN:
SF:/Users/smeya/git/bat/src/printer.rs
FN:98,SimplePrinter<'a>::new
FN:107,<impl Printer for SimplePrinter<'_>>::print_header
FN:116,<impl Printer for SimplePrinter<'_>>::print_footer
FN:120,<impl Printer for SimplePrinter<'_>>::print_snip
FN:124,<impl Printer for SimplePrinter<'_>>::print_line
FN:181,HighlighterFromSet<'a>::new
FN:205,InteractivePrinter<'a>::new
FN:314,InteractivePrinter<'a>::print_horizontal_line_term
FN:327,InteractivePrinter<'a>::print_horizontal_line
FN:339,InteractivePrinter<'a>::create_fake_panel
FN:357,InteractivePrinter<'a>::get_header_component_indent_length
FN:365,InteractivePrinter<'a>::print_header_component_indent
FN:380,InteractivePrinter<'a>::print_header_component_with_indent
FN:389,InteractivePrinter<'a>::print_header_multiline_component
FN:408,InteractivePrinter<'a>::highlight_regions_for_line
FN:433,InteractivePrinter<'a>::preprocess
FN:444,<impl Printer for InteractivePrinter<'_>>::print_header
FN:552,<impl Printer for InteractivePrinter<'_>>::print_footer
FN:564,<impl Printer for InteractivePrinter<'_>>::print_snip
FN:588,<impl Printer for InteractivePrinter<'_>>::print_line
FN:877,Colors::plain
FN:881,Colors::colored
FNF:22
FNDA:105,SimplePrinter<'a>::new
FNDA:105,<impl Printer for SimplePrinter<'_>>::print_header
FNDA:105,<impl Printer for SimplePrinter<'_>>::print_footer
FNDA:1,<impl Printer for SimplePrinter<'_>>::print_snip
FNDA:209,<impl Printer for SimplePrinter<'_>>::print_line
FNDA:50,HighlighterFromSet<'a>::new
FNDA:146,InteractivePrinter<'a>::new
FNDA:19,InteractivePrinter<'a>::print_horizontal_line_term
FNDA:80,InteractivePrinter<'a>::print_horizontal_line
FNDA:1,InteractivePrinter<'a>::create_fake_panel
FNDA:61,InteractivePrinter<'a>::get_header_component_indent_length
FNDA:70,InteractivePrinter<'a>::print_header_component_indent
FNDA:70,InteractivePrinter<'a>::print_header_component_with_indent
FNDA:61,InteractivePrinter<'a>::print_header_multiline_component
FNDA:1035,InteractivePrinter<'a>::highlight_regions_for_line
FNDA:2359,InteractivePrinter<'a>::preprocess
FNDA:143,<impl Printer for InteractivePrinter<'_>>::print_header
FNDA:145,<impl Printer for InteractivePrinter<'_>>::print_footer
FNDA:1,<impl Printer for InteractivePrinter<'_>>::print_snip
FNDA:1036,<impl Printer for InteractivePrinter<'_>>::print_line
FNDA:99,Colors::plain
FNDA:47,Colors::colored
DA:98,105
DA:107,105
DA:113,105
DA:116,105
DA:117,105
DA:120,1
DA:121,1
DA:124,209
DA:133,299
DA:134,0
DA:135,0
DA:138,69
DA:139,69
DA:140,41
DA:143,21
DA:147,168
DA:148,163
DA:150,26
DA:151,26
DA:152,26
DA:154,26
DA:156,137
DA:157,137
DA:158,0
DA:159,0
DA:160,0
DA:162,0
DA:163,0
DA:164,0
DA:171,168
DA:181,50
DA:183,50
DA:184,50
DA:205,146
DA:211,146
DA:213,146
DA:215,292
DA:216,47
DA:218,99
DA:222,146
DA:224,182
DA:225,36
DA:230,173
DA:231,27
DA:235,146
DA:236,355
DA:241,201
DA:242,24
DA:247,146
DA:248,379
DA:250,1
DA:251,1
DA:255,146
DA:256,146
DA:257,146
DA:258,437
DA:260,292
DA:261,6
DA:262,239
DA:264,291
DA:267,51
DA:268,48
DA:269,48
DA:270,48
DA:273,0
DA:274,0
DA:275,0
DA:276,2
DA:277,2
DA:278,4
DA:279,0
DA:283,1
DA:286,95
DA:290,4
DA:291,1
DA:292,1
DA:293,2
DA:294,2
DA:295,139
DA:298,0
DA:299,0
DA:300,0
DA:301,0
DA:302,0
DA:303,0
DA:304,0
DA:305,0
DA:306,0
DA:307,0
DA:308,0
DA:309,0
DA:310,0
DA:314,19
DA:319,19
DA:320,19
DA:322,19
DA:324,19
DA:327,80
DA:328,80
DA:329,17
DA:331,63
DA:332,63
DA:333,63
DA:336,80
DA:339,1
DA:340,1
DA:341,0
DA:344,1
DA:345,1
DA:347,1
DA:348,1
DA:350,1
DA:351,0
DA:353,1
DA:357,61
DA:358,85
DA:359,21
DA:361,40
DA:365,70
DA:366,70
DA:367,33
DA:368,33
DA:370,33
DA:371,33
DA:372,33
DA:373,66
DA:376,37
DA:380,70
DA:385,70
DA:386,70
DA:389,61
DA:394,61
DA:395,61
DA:396,59
DA:399,2
DA:400,11
DA:401,9
DA:402,9
DA:403,9
DA:405,2
DA:408,1035
DA:412,1207
DA:413,0
DA:414,863
DA:418,0
DA:420,172
DA:422,172
DA:423,0
DA:424,0
DA:426,1
DA:427,1
DA:430,0
DA:433,2359
DA:434,2359
DA:435,2117
DA:438,242
DA:439,242
DA:444,143
DA:450,149
DA:451,2
DA:454,143
DA:455,92
DA:456,0
DA:457,0
DA:459,0
DA:460,0
DA:464,0
DA:465,0
DA:467,92
DA:468,8
DA:470,92
DA:473,100
DA:474,3
DA:475,0
DA:476,0
DA:477,2
DA:478,46
DA:481,51
DA:482,51
DA:486,51
DA:488,51
DA:489,51
DA:492,51
DA:493,51
DA:497,204
DA:498,163
DA:502,51
DA:503,22
DA:506,34
DA:507,3
DA:511,51
DA:513,112
DA:515,51
DA:516,51
DA:517,51
DA:518,51
DA:519,97
DA:520,5
DA:521,0
DA:522,0
DA:524,0
DA:527,10
DA:528,10
DA:529,29
DA:530,21
DA:531,10
DA:532,10
DA:533,10
DA:535,0
DA:538,51
DA:539,64
DA:540,2
DA:541,4
DA:543,20
DA:545,2
DA:549,51
DA:552,145
DA:553,145
DA:554,90
DA:555,3
DA:556,6
DA:558,28
DA:560,117
DA:564,1
DA:565,1
DA:566,1
DA:568,1
DA:569,1
DA:571,1
DA:572,1
DA:574,1
DA:575,1
DA:577,1
DA:578,1
DA:580,1
DA:581,1
DA:582,1
DA:585,1
DA:588,1036
DA:596,2071
DA:598,1
DA:599,1
DA:600,1
DA:604,1034
DA:606,1
DA:608,1
DA:610,1
DA:611,0
DA:613,1033
DA:614,1033
DA:615,129
DA:616,2
DA:617,127
DA:620,904
DA:626,0
DA:627,3
DA:630,0
DA:633,1035
DA:634,0
DA:635,1
DA:639,90
DA:640,0
DA:641,69
DA:642,69
DA:643,41
DA:646,21
DA:650,993
DA:651,993
DA:652,993
DA:653,993
DA:656,993
DA:657,993
DA:658,993
DA:659,993
DA:660,993
DA:661,993
DA:663,1003
DA:664,4
DA:667,0
DA:668,0
DA:669,980
DA:672,0
DA:673,535
DA:674,535
DA:676,2016
DA:678,2427
DA:679,946
DA:680,946
DA:685,1617
DA:686,369
DA:687,369
DA:688,369
DA:690,3831
DA:691,1731
DA:692,5211
DA:693,0
DA:695,1732
DA:696,1732
DA:697,1732
DA:699,1732
DA:700,1732
DA:702,1732
DA:703,1732
DA:704,1732
DA:705,1732
DA:706,1732
DA:707,1732
DA:708,1732
DA:710,1732
DA:714,1732
DA:715,341
DA:717,0
DA:721,0
DA:722,0
DA:724,0
DA:726,0
DA:728,341
DA:734,8
DA:735,8
DA:741,463
DA:742,9
DA:745,1872
DA:746,624
DA:747,1894
DA:748,0
DA:750,627
DA:751,627
DA:752,627
DA:754,627
DA:757,627
DA:760,627
DA:762,14231
DA:764,14231
DA:765,14231
DA:769,14231
DA:771,27
DA:772,18
DA:773,4
DA:774,4
DA:775,4
DA:776,4
DA:777,8
DA:778,4
DA:779,8
DA:780,4
DA:781,4
DA:784,5
DA:789,27
DA:790,27
DA:792,27
DA:793,27
DA:794,27
DA:795,27
DA:796,27
DA:797,27
DA:798,27
DA:800,27
DA:801,27
DA:804,27
DA:805,27
DA:807,27
DA:808,27
DA:811,14231
DA:815,627
DA:816,627
DA:817,627
DA:819,627
DA:820,627
DA:821,627
DA:822,627
DA:823,627
DA:824,627
DA:825,627
DA:832,8
DA:833,8
DA:839,624
DA:841,0
DA:845,0
DA:846,0
DA:848,0
DA:851,624
DA:854,999
DA:855,4
DA:856,4
DA:859,993
DA:877,99
DA:878,99
DA:881,47
DA:883,47
DA:898,47
DA:899,47
DA:900,47
DA:901,47
LF:393
LH:330
end_of_record
TN:
SF:/Users/smeya/git/bat/src/style.rs
FN:25,StyleComponent::components
FN:68,<impl FromStr for StyleComponent>::from_str
FN:92,StyleComponents::new
FN:97,StyleComponents::changes
FN:101,StyleComponents::grid
FN:105,StyleComponents::rule
FN:109,StyleComponents::header
FN:113,StyleComponents::header_filename
FN:117,StyleComponents::header_filesize
FN:121,StyleComponents::numbers
FN:125,StyleComponents::snip
FN:129,StyleComponents::plain
FN:133,StyleComponents::insert
FN:137,StyleComponents::clear
FN:150,ComponentAction::extract_from_str
FN:163,StyleComponentList::expand_into
FN:176,StyleComponentList::contains_override
FN:195,StyleComponentList::to_components
FN:217,<impl Default for StyleComponentList>::default
FN:225,<impl FromStr for StyleComponentList>::from_str
FNF:20
FNDA:452,StyleComponent::components
FNDA:324,<impl FromStr for StyleComponent>::from_str
FNDA:0,StyleComponents::new
FNDA:292,StyleComponents::changes
FNDA:836,StyleComponents::grid
FNDA:11,StyleComponents::rule
FNDA:164,StyleComponents::header
FNDA:215,StyleComponents::header_filename
FNDA:145,StyleComponents::header_filesize
FNDA:147,StyleComponents::numbers
FNDA:229,StyleComponents::snip
FNDA:627,StyleComponents::plain
FNDA:0,StyleComponents::insert
FNDA:0,StyleComponents::clear
FNDA:324,ComponentAction::extract_from_str
FNDA:104,StyleComponentList::expand_into
FNDA:104,StyleComponentList::contains_override
FNDA:97,StyleComponentList::to_components
FNDA:0,<impl Default for StyleComponentList>::default
FNDA:205,<impl FromStr for StyleComponentList>::from_str
DA:25,452
DA:26,452
DA:28,92
DA:29,2
DA:31,90
DA:35,14
DA:36,27
DA:37,18
DA:38,26
DA:39,6
DA:40,6
DA:41,24
DA:42,2
DA:43,7
DA:44,7
DA:45,7
DA:46,7
DA:47,7
DA:48,7
DA:49,7
DA:50,7
DA:52,107
DA:53,107
DA:54,107
DA:55,107
DA:56,107
DA:57,107
DA:58,107
DA:60,123
DA:68,324
DA:69,324
DA:70,324
DA:72,352
DA:73,346
DA:74,282
DA:75,263
DA:76,169
DA:77,157
DA:78,177
DA:79,95
DA:80,93
DA:81,75
DA:82,139
DA:83,3
DA:92,0
DA:93,0
DA:97,292
DA:98,292
DA:101,836
DA:102,836
DA:105,11
DA:106,11
DA:109,164
DA:110,258
DA:113,215
DA:114,215
DA:117,145
DA:118,145
DA:121,147
DA:122,147
DA:125,229
DA:126,229
DA:129,627
DA:130,1703
DA:133,0
DA:134,0
DA:137,0
DA:138,0
DA:150,324
DA:151,324
DA:152,14
DA:153,6
DA:154,304
DA:163,104
DA:164,267
DA:169,155
DA:170,46
DA:176,104
DA:177,314
DA:195,97
DA:200,97
DA:201,97
DA:202,91
DA:205,201
DA:206,203
DA:207,99
DA:210,104
DA:211,104
DA:217,0
DA:218,0
DA:225,205
DA:226,205
DA:227,205
DA:228,205
DA:229,737
DA:230,208
LF:96
LH:88
end_of_record
TN:
SF:/Users/smeya/git/bat/src/syntax_mapping/builtin.rs
FN:56,build_matcher_fixed
FN:67,build_matcher_dynamic
FNF:2
FNDA:9160,build_matcher_fixed
FNDA:1190,build_matcher_dynamic
DA:56,9160
DA:57,9160
DA:67,1190
DA:69,1190
DA:70,5950
DA:71,2380
DA:72,1190
DA:73,1190
DA:74,2380
DA:80,2380
LF:10
LH:10
end_of_record
TN:
SF:/Users/smeya/git/bat/src/syntax_mapping/ignored_suffixes.rs
FN:13,<impl Default for IgnoredSuffixes<'_>>::default
FN:41,IgnoredSuffixes<'a>::add_suffix
FN:45,IgnoredSuffixes<'a>::strip_suffix
FN:56,IgnoredSuffixes<'a>::try_with_stripped_suffix
FNF:4
FNDA:240,<impl Default for IgnoredSuffixes<'_>>::default
FNDA:6,IgnoredSuffixes<'a>::add_suffix
FNDA:119,IgnoredSuffixes<'a>::strip_suffix
FNDA:121,IgnoredSuffixes<'a>::try_with_stripped_suffix
DA:13,240
DA:15,240
DA:41,6
DA:42,6
DA:45,119
DA:46,1664
DA:47,1586
DA:48,0
DA:51,78
DA:56,121
DA:60,240
DA:61,41
DA:62,0
DA:65,80
LF:14
LH:12
end_of_record
TN:
SF:/Users/smeya/git/bat/src/syntax_mapping.rs
FN:20,make_glob_matcher
FN:65,<impl Drop for SyntaxMapping<'_>>::drop
FN:72,SyntaxMapping<'a>::new
FN:82,SyntaxMapping<'a>::start_offload_build_all
FN:99,SyntaxMapping<'a>::insert
FN:112,SyntaxMapping<'a>::all_mappings
FN:135,SyntaxMapping<'a>::builtin_mappings
FN:144,SyntaxMapping<'a>::custom_mappings
FN:148,SyntaxMapping<'a>::get_syntax_for
FN:170,SyntaxMapping<'a>::insert_ignored_suffix
FNF:10
FNDA:10367,make_glob_matcher
FNDA:241,<impl Drop for SyntaxMapping<'_>>::drop
FNDA:235,SyntaxMapping<'a>::new
FNDA:219,SyntaxMapping<'a>::start_offload_build_all
FNDA:17,SyntaxMapping<'a>::insert
FNDA:83,SyntaxMapping<'a>::all_mappings
FNDA:86,SyntaxMapping<'a>::builtin_mappings
FNDA:83,SyntaxMapping<'a>::custom_mappings
FNDA:83,SyntaxMapping<'a>::get_syntax_for
FNDA:4,SyntaxMapping<'a>::insert_ignored_suffix
DA:20,10367
DA:21,20734
DA:65,241
DA:67,241
DA:72,235
DA:73,235
DA:82,219
DA:83,219
DA:84,438
DA:85,10638
DA:86,10419
DA:87,140
DA:89,10279
DA:99,17
DA:100,34
DA:101,0
DA:102,0
DA:112,83
DA:113,83
DA:115,220
DA:121,83
DA:122,3752
DA:135,86
DA:138,86
DA:140,11560
DA:144,83
DA:145,83
DA:148,83
DA:150,83
DA:151,83
DA:152,3723
DA:153,3640
DA:154,3632
DA:155,3632
DA:156,7264
DA:158,38
DA:162,90
DA:163,0
DA:164,5
DA:165,5
DA:170,4
DA:171,4
LF:42
LH:39
end_of_record
TN:
SF:/Users/smeya/git/bat/src/terminal.rs
FN:6,to_ansi_color
FN:49,as_terminal_escaped
FNF:2
FNDA:1422,to_ansi_color
FNDA:2386,as_terminal_escaped
DA:6,1422
DA:7,1422
DA:12,118
DA:17,0
DA:18,0
DA:19,13
DA:20,4
DA:21,3
DA:22,13
DA:23,1
DA:24,70
DA:33,14
DA:35,1304
DA:39,32
DA:40,1272
DA:41,2
DA:43,1270
DA:44,1270
DA:49,2386
DA:57,2386
DA:58,266
DA:61,0
DA:62,738
DA:65,1382
DA:68,1388
DA:69,6
DA:71,1383
DA:72,1
DA:74,1382
DA:75,0
DA:77,1382
DA:80,2
DA:81,0
LF:33
LH:28
end_of_record
TN:
SF:/Users/smeya/git/bat/src/theme.rs
FN:24,theme
FN:30,default_theme
FN:38,color_scheme
FN:80,<impl Default for ThemePreference>::default
FN:87,ThemePreference::new
FN:104,<impl FromStr for ThemePreference>::from_str
FN:110,<impl Display for ThemePreference>::fmt
FN:138,ThemeName::new
FN:151,<impl FromStr for ThemeName>::from_str
FN:157,<impl Display for ThemeName>::fmt
FN:196,<impl Display for ThemeResult>::fmt
FN:204,theme_impl
FN:218,choose_theme_opt
FN:227,choose_theme
FN:234,color_scheme_impl
FN:255,<impl ColorSchemeDetector for TerminalColorSchemeDetector>::should_detect
FN:268,<impl ColorSchemeDetector for TerminalColorSchemeDetector>::detect
FN:287,color_scheme_from_system
FNF:18
FNDA:219,theme
FNDA:357,default_theme
FNDA:3,color_scheme
FNDA:219,<impl Default for ThemePreference>::default
FNDA:28,ThemePreference::new
FNDA:21,<impl FromStr for ThemePreference>::from_str
FNDA:7,<impl Display for ThemePreference>::fmt
FNDA:24,ThemeName::new
FNDA:2,<impl FromStr for ThemeName>::from_str
FNDA:2,<impl Display for ThemeName>::fmt
FNDA:236,<impl Display for ThemeResult>::fmt
FNDA:243,theme_impl
FNDA:214,choose_theme_opt
FNDA:12,choose_theme
FNDA:213,color_scheme_impl
FNDA:201,<impl ColorSchemeDetector for TerminalColorSchemeDetector>::should_detect
FNDA:1,<impl ColorSchemeDetector for TerminalColorSchemeDetector>::detect
FNDA:0,color_scheme_from_system
DA:24,219
DA:25,219
DA:30,357
DA:31,357
DA:32,284
DA:33,73
DA:38,3
DA:39,3
DA:80,219
DA:81,219
DA:87,28
DA:89,28
DA:90,28
DA:91,29
DA:92,28
DA:93,27
DA:94,27
DA:95,25
DA:96,21
DA:104,21
DA:105,21
DA:110,7
DA:112,3
DA:113,1
DA:114,1
DA:115,1
DA:116,2
DA:117,1
DA:118,1
DA:138,24
DA:139,24
DA:140,24
DA:141,1
DA:143,23
DA:151,2
DA:152,2
DA:157,2
DA:158,2
DA:159,1
DA:160,1
DA:196,236
DA:197,236
DA:198,29
DA:199,207
DA:204,243
DA:207,243
DA:212,2
DA:213,2
DA:214,210
DA:218,214
DA:221,214
DA:227,12
DA:228,12
DA:229,7
DA:230,5
DA:234,213
DA:238,426
DA:239,211
DA:240,2
DA:241,0
DA:243,12
DA:255,201
DA:265,201
DA:268,1
DA:270,2
DA:271,0
DA:272,0
DA:287,0
DA:291,0
DA:292,0
DA:295,0
DA:296,0
DA:297,0
DA:299,0
DA:302,0
LF:75
LH:64
end_of_record
TN:
SF:/Users/smeya/git/bat/src/vscreen.rs
FN:13,AnsiStyle::new
FN:17,AnsiStyle::update
FN:27,AnsiStyle::to_reset_sequence
FN:36,<impl Display for AnsiStyle>::fmt
FN:87,Attributes::new
FN:107,Attributes::update
FN:148,Attributes::sgr_reset
FN:161,Attributes::update_with_sgr
FN:197,Attributes::update_with_unsupported
FN:202,Attributes::update_with_hyperlink
FN:214,Attributes::update_with_charset
FN:219,Attributes::parse_color
FN:233,Attributes::to_reset_sequence
FN:256,<impl Display for Attributes>::fmt
FN:274,join
FN:325,EscapeSequenceOffsets::index_of_start
FN:337,EscapeSequenceOffsets::index_past_end
FN:362,EscapeSequenceOffsetsIterator<'a>::new
FN:371,EscapeSequenceOffsetsIterator<'a>::chars_take_while
FN:388,EscapeSequenceOffsetsIterator<'a>::next_text
FN:393,EscapeSequenceOffsetsIterator<'a>::next_sequence
FN:413,EscapeSequenceOffsetsIterator<'a>::next_osc
FN:477,EscapeSequenceOffsetsIterator<'a>::next_csi
FN:510,EscapeSequenceOffsetsIterator<'a>::next_nf
FN:544,<impl Iterator for EscapeSequenceOffsetsIterator<'_>>::next
FN:566,EscapeSequenceIterator<'a>::new
FN:576,<impl Iterator for EscapeSequenceIterator<'a>>::next
FN:641,EscapeSequence<'a>::raw
FNF:28
FNDA:145,AnsiStyle::new
FNDA:24,AnsiStyle::update
FNDA:1759,AnsiStyle::to_reset_sequence
FNDA:2386,<impl Display for AnsiStyle>::fmt
FNDA:14,Attributes::new
FNDA:26,Attributes::update
FNDA:6,Attributes::sgr_reset
FNDA:23,Attributes::update_with_sgr
FNDA:0,Attributes::update_with_unsupported
FNDA:3,Attributes::update_with_hyperlink
FNDA:0,Attributes::update_with_charset
FNDA:11,Attributes::parse_color
FNDA:18,Attributes::to_reset_sequence
FNDA:28,<impl Display for Attributes>::fmt
FNDA:0,join
FNDA:2021,EscapeSequenceOffsets::index_of_start
FNDA:2021,EscapeSequenceOffsets::index_past_end
FNDA:4494,EscapeSequenceOffsetsIterator<'a>::new
FNDA:4458,EscapeSequenceOffsetsIterator<'a>::chars_take_while
FNDA:4384,EscapeSequenceOffsetsIterator<'a>::next_text
FNDA:44,EscapeSequenceOffsetsIterator<'a>::next_sequence
FNDA:10,EscapeSequenceOffsetsIterator<'a>::next_osc
FNDA:30,EscapeSequenceOffsetsIterator<'a>::next_csi
FNDA:4,EscapeSequenceOffsetsIterator<'a>::next_nf
FNDA:8908,<impl Iterator for EscapeSequenceOffsetsIterator<'_>>::next
FNDA:2356,EscapeSequenceIterator<'a>::new
FNDA:4736,<impl Iterator for EscapeSequenceIterator<'a>>::next
FNDA:20,EscapeSequence<'a>::raw
DA:13,145
DA:17,24
DA:18,24
DA:19,11
DA:21,13
DA:22,13
DA:27,1759
DA:28,1759
DA:29,18
DA:30,1741
DA:36,2386
DA:37,2386
DA:38,28
DA:39,2358
DA:87,14
DA:91,14
DA:92,14
DA:93,14
DA:94,14
DA:95,14
DA:96,14
DA:97,14
DA:98,14
DA:99,14
DA:100,14
DA:101,14
DA:107,26
DA:109,26
DA:110,0
DA:111,0
DA:113,3
DA:114,3
DA:115,3
DA:116,3
DA:117,3
DA:118,3
DA:123,23
DA:124,23
DA:125,23
DA:126,23
DA:127,23
DA:128,46
DA:129,0
DA:131,0
DA:135,0
DA:136,0
DA:137,0
DA:138,0
DA:139,0
DA:140,0
DA:145,0
DA:148,6
DA:149,6
DA:151,6
DA:152,6
DA:153,6
DA:154,6
DA:155,6
DA:156,6
DA:157,6
DA:158,6
DA:161,23
DA:162,23
DA:164,136
DA:165,76
DA:166,76
DA:168,23
DA:169,83
DA:171,5
DA:172,3
DA:173,1
DA:174,1
DA:175,5
DA:176,0
DA:177,4
DA:178,0
DA:179,0
DA:180,0
DA:182,19
DA:183,4
DA:184,2
DA:185,3
DA:186,2
DA:187,0
DA:194,23
DA:197,0
DA:198,0
DA:199,0
DA:202,3
DA:203,3
DA:205,0
DA:207,3
DA:208,3
DA:211,3
DA:214,0
DA:215,0
DA:216,0
DA:219,11
DA:220,11
DA:221,0
DA:222,0
DA:223,0
DA:224,0
DA:225,0
DA:227,0
DA:228,11
DA:233,18
DA:234,18
DA:241,19
DA:242,1
DA:251,18
DA:256,28
DA:257,28
DA:258,28
DA:260,28
DA:261,28
DA:262,28
DA:263,28
DA:264,28
DA:265,28
DA:266,28
DA:267,28
DA:268,28
DA:269,28
DA:274,0
DA:279,0
DA:280,0
DA:281,0
DA:283,0
DA:325,2021
DA:327,2021
DA:328,2021
DA:329,0
DA:330,0
DA:331,0
DA:332,0
DA:337,2021
DA:339,2021
DA:340,2021
DA:341,0
DA:342,0
DA:343,0
DA:344,0
DA:362,4494
DA:365,4494
DA:371,4458
DA:372,4462
DA:374,4454
DA:375,4454
DA:376,121213
DA:377,0
DA:378,83
DA:381,58338
DA:382,58338
DA:385,0
DA:388,4384
DA:389,67020
DA:390,13152
DA:393,44
DA:394,44
DA:395,44
DA:396,0
DA:397,0
DA:398,0
DA:401,10
DA:402,30
DA:403,4
DA:404,8
DA:405,0
DA:406,0
DA:407,0
DA:413,10
DA:414,10
DA:415,10
DA:417,0
DA:418,0
DA:420,10
DA:421,157
DA:422,0
DA:423,0
DA:424,0
DA:425,0
DA:428,10
DA:429,10
DA:430,10
DA:434,10
DA:435,4
DA:436,4
DA:437,4
DA:440,5
DA:441,5
DA:442,5
DA:443,5
DA:444,5
DA:447,0
DA:448,0
DA:449,0
DA:452,0
DA:458,0
DA:460,1
DA:463,0
DA:464,0
DA:469,10
DA:470,10
DA:471,10
DA:472,10
DA:473,10
DA:477,30
DA:478,30
DA:479,30
DA:481,30
DA:484,30
DA:485,210
DA:486,0
DA:490,30
DA:491,148
DA:492,0
DA:496,60
DA:497,3
DA:498,27
DA:501,30
DA:502,30
DA:503,30
DA:504,30
DA:505,30
DA:506,30
DA:510,4
DA:511,4
DA:512,16
DA:514,4
DA:515,4
DA:518,16
DA:519,3
DA:520,0
DA:521,1
DA:522,1
DA:523,1
DA:524,1
DA:530,6
DA:531,0
DA:534,3
DA:535,3
DA:536,3
DA:537,3
DA:544,8908
DA:545,8908
DA:546,44
DA:547,4384
DA:548,4480
DA:566,2356
DA:569,2356
DA:576,4736
DA:578,7116
DA:579,0
DA:580,2360
DA:581,0
DA:582,1
DA:583,1
DA:584,1
DA:585,1
DA:586,1
DA:587,1
DA:589,0
DA:590,5
DA:591,5
DA:592,5
DA:593,5
DA:594,5
DA:595,5
DA:596,5
DA:597,5
DA:599,0
DA:600,14
DA:601,14
DA:602,14
DA:603,14
DA:604,14
DA:605,14
DA:606,14
DA:607,14
DA:608,14
DA:609,14
DA:641,20
DA:643,20
DA:644,0
DA:645,0
DA:646,0
DA:647,3
DA:648,17
LF:289
LH:215
end_of_record
TN:
SF:/Users/smeya/git/bat/src/wrapping.rs
FN:9,<impl Default for WrappingMode>::default
FNF:1
FNDA:3,<impl Default for WrappingMode>::default
DA:9,3
DA:10,3
LF:2
LH:2
end_of_record
